<?xml version="1.0" encoding="UTF-8"?>
<testsuite name="ohtu.intjoukkosovellus.JoukkoOperaatiotTest" tests="3" skipped="0" failures="0" errors="0" timestamp="2020-03-07T10:55:07" hostname="lx8-fuxi080" time="0.0">
  <properties/>
  <testcase name="testLeikkaus" classname="ohtu.intjoukkosovellus.JoukkoOperaatiotTest" time="0.0"/>
  <testcase name="testYhdiste" classname="ohtu.intjoukkosovellus.JoukkoOperaatiotTest" time="0.0"/>
  <testcase name="testErotus" classname="ohtu.intjoukkosovellus.JoukkoOperaatiotTest" time="0.0"/>
  <system-out><![CDATA[]]></system-out>
  <system-err><![CDATA[]]></system-err>
</testsuite>
