<?xml version="1.0" encoding="UTF-8"?>
<testsuite name="ohtuesimerkki.StatisticsTest" tests="5" skipped="0" failures="0" errors="0" timestamp="2020-02-25T13:28:59" hostname="lx8-fuxi080" time="0.006">
  <properties/>
  <testcase name="parasPelaaja" classname="ohtuesimerkki.StatisticsTest" time="0.003"/>
  <testcase name="joserrorTuleeNull" classname="ohtuesimerkki.StatisticsTest" time="0.0"/>
  <testcase name="kurriOnListalla" classname="ohtuesimerkki.StatisticsTest" time="0.0"/>
  <testcase name="joukkueenPelaaja" classname="ohtuesimerkki.StatisticsTest" time="0.0"/>
  <testcase name="palauttaaUseammanPelaajan" classname="ohtuesimerkki.StatisticsTest" time="0.0"/>
  <system-out><![CDATA[]]></system-out>
  <system-err><![CDATA[]]></system-err>
</testsuite>
