<?xml version="1.0" encoding="UTF-8"?>
<testsuite name="ohtu.verkkokauppa.KauppaTest" tests="8" skipped="0" failures="0" errors="0" timestamp="2020-03-06T15:46:07" hostname="lx8-fuxi080" time="0.786">
  <properties/>
  <testcase name="pyydetaanUusiViiteJokaiseenMaksuun" classname="ohtu.verkkokauppa.KauppaTest" time="0.752"/>
  <testcase name="kaksiTuotettaVarastostaJaSuoritetaanOston" classname="ohtu.verkkokauppa.KauppaTest" time="0.003"/>
  <testcase name="varmistaEttaAloitaAsiointiNollaa" classname="ohtu.verkkokauppa.KauppaTest" time="0.003"/>
  <testcase name="ostoksenPaaytyttyaPankinMetodiaTilisiirtoKutsutaan" classname="ohtu.verkkokauppa.KauppaTest" time="0.004"/>
  <testcase name="yksiTuoteVarastostaJotaOnjaYksiJotaEiOleJaSuoritetaanOston" classname="ohtu.verkkokauppa.KauppaTest" time="0.002"/>
  <testcase name="kaksiSamaaTuotettaVarastostaJaSuoritetaanOston" classname="ohtu.verkkokauppa.KauppaTest" time="0.004"/>
  <testcase name="asiointiTuoteVarastostaJaSuoritetaanOston" classname="ohtu.verkkokauppa.KauppaTest" time="0.004"/>
  <testcase name="poistaKorista" classname="ohtu.verkkokauppa.KauppaTest" time="0.01"/>
  <system-out><![CDATA[]]></system-out>
  <system-err><![CDATA[]]></system-err>
</testsuite>
